# JRE version: Java(TM) SE Runtime Environment (17.0.12+8) (build 17.0.12+8-LTS-286)
# Java VM: Java HotSpot(TM) 64-Bit Server VM (17.0.12+8-LTS-286, mixed mode, sharing, tiered, compressed oops, compressed class ptrs, g1 gc, windows-amd64)
GC Precious Log:
 CPUs: 4 total, 4 available
 Memory: 8091M
 Large Page Support: Disabled
 NUMA Support: Disabled
 Compressed Oops: Enabled (32-bit)
 Heap Region Size: 1M
 Heap Min Capacity: 8M
 Heap Initial Capacity: 8M
 Heap Max Capacity: 2024M
 Pre-touch: Disabled
 Parallel Workers: 4
 Concurrent Workers: 1
 Concurrent Refinement Workers: 4
 Periodic GC: Disabled
Heap:
 garbage-first heap   total 17408K, used 8434K [0x0000000081800000, 0x0000000100000000)
  region size 1024K, 1 young (1024K), 1 survivors (1024K)
 Metaspace       used 8855K, committed 9088K, reserved 1114112K
  class space    used 1022K, committed 1152K, reserved 1048576K
GC Heap History (20 events):
Event: 0.413 GC heap after
{Heap after GC invocations=3 (full 0):
 garbage-first heap   total 8192K, used 2247K [0x0000000081800000, 0x0000000100000000)
  region size 1024K, 1 young (1024K), 1 survivors (1024K)
 Metaspace       used 7098K, committed 7296K, reserved 1114112K
  class space    used 833K, committed 896K, reserved 1048576K
}
Event: 0.472 GC heap before
{Heap before GC invocations=3 (full 0):
 garbage-first heap   total 8192K, used 3271K [0x0000000081800000, 0x0000000100000000)
  region size 1024K, 2 young (2048K), 1 survivors (1024K)
 Metaspace       used 7545K, committed 7680K, reserved 1114112K
  class space    used 879K, committed 960K, reserved 1048576K
}
Event: 0.475 GC heap after
{Heap after GC invocations=4 (full 0):
 garbage-first heap   total 8192K, used 2513K [0x0000000081800000, 0x0000000100000000)
  region size 1024K, 1 young (1024K), 1 survivors (1024K)
 Metaspace       used 7545K, committed 7680K, reserved 1114112K
  class space    used 879K, committed 960K, reserved 1048576K
}
Event: 0.517 GC heap before
{Heap before GC invocations=4 (full 0):
 garbage-first heap   total 8192K, used 3537K [0x0000000081800000, 0x0000000100000000)
  region size 1024K, 2 young (2048K), 1 survivors (1024K)
 Metaspace       used 7701K, committed 7872K, reserved 1114112K
  class space    used 896K, committed 960K, reserved 1048576K
}
Event: 0.519 GC heap after
{Heap after GC invocations=5 (full 0):
 garbage-first heap   total 10240K, used 2925K [0x0000000081800000, 0x0000000100000000)
  region size 1024K, 1 young (1024K), 1 survivors (1024K)
 Metaspace       used 7701K, committed 7872K, reserved 1114112K
  class space    used 896K, committed 960K, reserved 1048576K
}
Event: 0.608 GC heap before
{Heap before GC invocations=5 (full 0):
 garbage-first heap   total 10240K, used 4973K [0x0000000081800000, 0x0000000100000000)
  region size 1024K, 3 young (3072K), 1 survivors (1024K)
 Metaspace       used 7952K, committed 8128K, reserved 1114112K
  class space    used 926K, committed 1024K, reserved 1048576K
}
Event: 0.610 GC heap after
{Heap after GC invocations=6 (full 0):
 garbage-first heap   total 10240K, used 3389K [0x0000000081800000, 0x0000000100000000)
  region size 1024K, 1 young (1024K), 1 survivors (1024K)
 Metaspace       used 7952K, committed 8128K, reserved 1114112K
  class space    used 926K, committed 1024K, reserved 1048576K
}
Event: 0.641 GC heap before
{Heap before GC invocations=6 (full 0):
 garbage-first heap   total 10240K, used 5437K [0x0000000081800000, 0x0000000100000000)
  region size 1024K, 3 young (3072K), 1 survivors (1024K)
 Metaspace       used 8064K, committed 8256K, reserved 1114112K
  class space    used 935K, committed 1024K, reserved 1048576K
}
Event: 0.642 GC heap after
{Heap after GC invocations=7 (full 0):
 garbage-first heap   total 10240K, used 3692K [0x0000000081800000, 0x0000000100000000)
  region size 1024K, 1 young (1024K), 1 survivors (1024K)
 Metaspace       used 8064K, committed 8256K, reserved 1114112K
  class space    used 935K, committed 1024K, reserved 1048576K
}
Event: 0.658 GC heap before
{Heap before GC invocations=7 (full 0):
 garbage-first heap   total 10240K, used 5740K [0x0000000081800000, 0x0000000100000000)
  region size 1024K, 3 young (3072K), 1 survivors (1024K)
 Metaspace       used 8079K, committed 8256K, reserved 1114112K
  class space    used 935K, committed 1024K, reserved 1048576K
}
Event: 0.660 GC heap after
{Heap after GC invocations=8 (full 0):
 garbage-first heap   total 10240K, used 3978K [0x0000000081800000, 0x0000000100000000)
  region size 1024K, 1 young (1024K), 1 survivors (1024K)
 Metaspace       used 8079K, committed 8256K, reserved 1114112K
  class space    used 935K, committed 1024K, reserved 1048576K
}
Event: 0.670 GC heap before
{Heap before GC invocations=8 (full 0):
 garbage-first heap   total 10240K, used 6026K [0x0000000081800000, 0x0000000100000000)
  region size 1024K, 3 young (3072K), 1 survivors (1024K)
 Metaspace       used 8080K, committed 8256K, reserved 1114112K
  class space    used 935K, committed 1024K, reserved 1048576K
}
Event: 0.672 GC heap after
{Heap after GC invocations=9 (full 0):
 garbage-first heap   total 17408K, used 4387K [0x0000000081800000, 0x0000000100000000)
  region size 1024K, 1 young (1024K), 1 survivors (1024K)
 Metaspace       used 8080K, committed 8256K, reserved 1114112K
  class space    used 935K, committed 1024K, reserved 1048576K
}
Event: 0.761 GC heap before
{Heap before GC invocations=9 (full 0):
 garbage-first heap   total 17408K, used 8483K [0x0000000081800000, 0x0000000100000000)
  region size 1024K, 6 young (6144K), 1 survivors (1024K)
 Metaspace       used 8292K, committed 8512K, reserved 1114112K
  class space    used 957K, committed 1088K, reserved 1048576K
}
Event: 0.766 GC heap after
{Heap after GC invocations=10 (full 0):
 garbage-first heap   total 17408K, used 5398K [0x0000000081800000, 0x0000000100000000)
  region size 1024K, 1 young (1024K), 1 survivors (1024K)
 Metaspace       used 8292K, committed 8512K, reserved 1114112K
  class space    used 957K, committed 1088K, reserved 1048576K
}
Event: 0.802 GC heap before
{Heap before GC invocations=10 (full 0):
 garbage-first heap   total 17408K, used 10518K [0x0000000081800000, 0x0000000100000000)
  region size 1024K, 6 young (6144K), 1 survivors (1024K)
 Metaspace       used 8304K, committed 8512K, reserved 1114112K
  class space    used 957K, committed 1088K, reserved 1048576K
}
Event: 0.806 GC heap after
{Heap after GC invocations=11 (full 0):
 garbage-first heap   total 17408K, used 6744K [0x0000000081800000, 0x0000000100000000)
  region size 1024K, 1 young (1024K), 1 survivors (1024K)
 Metaspace       used 8304K, committed 8512K, reserved 1114112K
  class space    used 957K, committed 1088K, reserved 1048576K
}
Event: 0.858 GC heap before
{Heap before GC invocations=11 (full 0):
 garbage-first heap   total 17408K, used 10840K [0x0000000081800000, 0x0000000100000000)
  region size 1024K, 5 young (5120K), 1 survivors (1024K)
 Metaspace       used 8391K, committed 8640K, reserved 1114112K
  class space    used 966K, committed 1088K, reserved 1048576K
}
Event: 0.861 GC heap after
{Heap after GC invocations=12 (full 0):
 garbage-first heap   total 17408K, used 7607K [0x0000000081800000, 0x0000000100000000)
  region size 1024K, 1 young (1024K), 1 survivors (1024K)
 Metaspace       used 8391K, committed 8640K, reserved 1114112K
  class space    used 966K, committed 1088K, reserved 1048576K
}
Event: 0.992 GC heap before
{Heap before GC invocations=12 (full 0):
 garbage-first heap   total 17408K, used 10679K [0x0000000081800000, 0x0000000100000000)
  region size 1024K, 5 young (5120K), 1 survivors (1024K)
 Metaspace       used 8855K, committed 9088K, reserved 1114112K
  class space    used 1022K, committed 1152K, reserved 1048576K
}

