# JRE version: Java(TM) SE Runtime Environment (17.0.12+8) (build 17.0.12+8-LTS-286)
# Java VM: Java HotSpot(TM) 64-Bit Server VM (17.0.12+8-LTS-286, mixed mode, sharing, tiered, compressed oops, compressed class ptrs, g1 gc, windows-amd64)
GC Precious Log:
 CPUs: 2 total, 2 available
 Memory: 8081M
 Large Page Support: Disabled
 NUMA Support: Disabled
 Compressed Oops: Enabled (32-bit)
 Heap Region Size: 1M
 Heap Min Capacity: 8M
 Heap Initial Capacity: 8M
 Heap Max Capacity: 2022M
 Pre-touch: Disabled
 Parallel Workers: 2
 Concurrent Workers: 1
 Concurrent Refinement Workers: 2
 Periodic GC: Disabled
Heap:
 garbage-first heap   total 14336K, used 7323K [0x0000000081a00000, 0x0000000100000000)
  region size 1024K, 1 young (1024K), 1 survivors (1024K)
 Metaspace       used 8705K, committed 8832K, reserved 1114112K
  class space    used 999K, committed 1088K, reserved 1048576K
GC Heap History (20 events):
Event: 0.548 GC heap after
{Heap after GC invocations=3 (full 0):
 garbage-first heap   total 8192K, used 2200K [0x0000000081a00000, 0x0000000100000000)
  region size 1024K, 1 young (1024K), 1 survivors (1024K)
 Metaspace       used 7111K, committed 7296K, reserved 1114112K
  class space    used 834K, committed 896K, reserved 1048576K
}
Event: 0.629 GC heap before
{Heap before GC invocations=3 (full 0):
 garbage-first heap   total 8192K, used 3224K [0x0000000081a00000, 0x0000000100000000)
  region size 1024K, 2 young (2048K), 1 survivors (1024K)
 Metaspace       used 7572K, committed 7744K, reserved 1114112K
  class space    used 880K, committed 960K, reserved 1048576K
}
Event: 0.631 GC heap after
{Heap after GC invocations=4 (full 0):
 garbage-first heap   total 8192K, used 2476K [0x0000000081a00000, 0x0000000100000000)
  region size 1024K, 1 young (1024K), 1 survivors (1024K)
 Metaspace       used 7572K, committed 7744K, reserved 1114112K
  class space    used 880K, committed 960K, reserved 1048576K
}
Event: 0.706 GC heap before
{Heap before GC invocations=4 (full 0):
 garbage-first heap   total 8192K, used 3500K [0x0000000081a00000, 0x0000000100000000)
  region size 1024K, 2 young (2048K), 1 survivors (1024K)
 Metaspace       used 7712K, committed 7872K, reserved 1114112K
  class space    used 894K, committed 960K, reserved 1048576K
}
Event: 0.709 GC heap after
{Heap after GC invocations=5 (full 0):
 garbage-first heap   total 10240K, used 2918K [0x0000000081a00000, 0x0000000100000000)
  region size 1024K, 1 young (1024K), 1 survivors (1024K)
 Metaspace       used 7712K, committed 7872K, reserved 1114112K
  class space    used 894K, committed 960K, reserved 1048576K
}
Event: 0.831 GC heap before
{Heap before GC invocations=5 (full 0):
 garbage-first heap   total 10240K, used 4966K [0x0000000081a00000, 0x0000000100000000)
  region size 1024K, 3 young (3072K), 1 survivors (1024K)
 Metaspace       used 7961K, committed 8128K, reserved 1114112K
  class space    used 924K, committed 1024K, reserved 1048576K
}
Event: 0.834 GC heap after
{Heap after GC invocations=6 (full 0):
 garbage-first heap   total 10240K, used 3391K [0x0000000081a00000, 0x0000000100000000)
  region size 1024K, 1 young (1024K), 1 survivors (1024K)
 Metaspace       used 7961K, committed 8128K, reserved 1114112K
  class space    used 924K, committed 1024K, reserved 1048576K
}
Event: 0.921 GC heap before
{Heap before GC invocations=6 (full 0):
 garbage-first heap   total 10240K, used 5439K [0x0000000081a00000, 0x0000000100000000)
  region size 1024K, 3 young (3072K), 1 survivors (1024K)
 Metaspace       used 8084K, committed 8256K, reserved 1114112K
  class space    used 934K, committed 1024K, reserved 1048576K
}
Event: 0.924 GC heap after
{Heap after GC invocations=7 (full 0):
 garbage-first heap   total 10240K, used 3682K [0x0000000081a00000, 0x0000000100000000)
  region size 1024K, 1 young (1024K), 1 survivors (1024K)
 Metaspace       used 8084K, committed 8256K, reserved 1114112K
  class space    used 934K, committed 1024K, reserved 1048576K
}
Event: 0.945 GC heap before
{Heap before GC invocations=7 (full 0):
 garbage-first heap   total 10240K, used 5730K [0x0000000081a00000, 0x0000000100000000)
  region size 1024K, 3 young (3072K), 1 survivors (1024K)
 Metaspace       used 8090K, committed 8256K, reserved 1114112K
  class space    used 934K, committed 1024K, reserved 1048576K
}
Event: 0.947 GC heap after
{Heap after GC invocations=8 (full 0):
 garbage-first heap   total 10240K, used 3931K [0x0000000081a00000, 0x0000000100000000)
  region size 1024K, 1 young (1024K), 1 survivors (1024K)
 Metaspace       used 8090K, committed 8256K, reserved 1114112K
  class space    used 934K, committed 1024K, reserved 1048576K
}
Event: 0.958 GC heap before
{Heap before GC invocations=8 (full 0):
 garbage-first heap   total 10240K, used 5979K [0x0000000081a00000, 0x0000000100000000)
  region size 1024K, 3 young (3072K), 1 survivors (1024K)
 Metaspace       used 8090K, committed 8256K, reserved 1114112K
  class space    used 934K, committed 1024K, reserved 1048576K
}
Event: 0.960 GC heap after
{Heap after GC invocations=9 (full 0):
 garbage-first heap   total 14336K, used 4339K [0x0000000081a00000, 0x0000000100000000)
  region size 1024K, 1 young (1024K), 1 survivors (1024K)
 Metaspace       used 8090K, committed 8256K, reserved 1114112K
  class space    used 934K, committed 1024K, reserved 1048576K
}
Event: 1.055 GC heap before
{Heap before GC invocations=9 (full 0):
 garbage-first heap   total 14336K, used 7411K [0x0000000081a00000, 0x0000000100000000)
  region size 1024K, 4 young (4096K), 1 survivors (1024K)
 Metaspace       used 8257K, committed 8512K, reserved 1114112K
  class space    used 954K, committed 1088K, reserved 1048576K
}
Event: 1.058 GC heap after
{Heap after GC invocations=10 (full 0):
 garbage-first heap   total 14336K, used 4872K [0x0000000081a00000, 0x0000000100000000)
  region size 1024K, 1 young (1024K), 1 survivors (1024K)
 Metaspace       used 8257K, committed 8512K, reserved 1114112K
  class space    used 954K, committed 1088K, reserved 1048576K
}
Event: 1.222 GC heap before
{Heap before GC invocations=10 (full 0):
 garbage-first heap   total 14336K, used 8968K [0x0000000081a00000, 0x0000000100000000)
  region size 1024K, 5 young (5120K), 1 survivors (1024K)
 Metaspace       used 8556K, committed 8704K, reserved 1114112K
  class space    used 996K, committed 1088K, reserved 1048576K
}
Event: 1.226 GC heap after
{Heap after GC invocations=11 (full 0):
 garbage-first heap   total 14336K, used 5891K [0x0000000081a00000, 0x0000000100000000)
  region size 1024K, 1 young (1024K), 1 survivors (1024K)
 Metaspace       used 8556K, committed 8704K, reserved 1114112K
  class space    used 996K, committed 1088K, reserved 1048576K
}
Event: 1.376 GC heap before
{Heap before GC invocations=11 (full 0):
 garbage-first heap   total 14336K, used 8963K [0x0000000081a00000, 0x0000000100000000)
  region size 1024K, 4 young (4096K), 1 survivors (1024K)
 Metaspace       used 8646K, committed 8832K, reserved 1114112K
  class space    used 999K, committed 1088K, reserved 1048576K
}
Event: 1.379 GC heap after
{Heap after GC invocations=12 (full 0):
 garbage-first heap   total 14336K, used 6932K [0x0000000081a00000, 0x0000000100000000)
  region size 1024K, 1 young (1024K), 1 survivors (1024K)
 Metaspace       used 8646K, committed 8832K, reserved 1114112K
  class space    used 999K, committed 1088K, reserved 1048576K
}
Event: 1.456 GC heap before
{Heap before GC invocations=12 (full 0):
 garbage-first heap   total 14336K, used 8980K [0x0000000081a00000, 0x0000000100000000)
  region size 1024K, 3 young (3072K), 1 survivors (1024K)
 Metaspace       used 8705K, committed 8832K, reserved 1114112K
  class space    used 999K, committed 1088K, reserved 1048576K
}

