# JRE version: Java(TM) SE Runtime Environment (17.0.12+8) (build 17.0.12+8-LTS-286)
# Java VM: Java HotSpot(TM) 64-Bit Server VM (17.0.12+8-LTS-286, mixed mode, sharing, tiered, compressed oops, compressed class ptrs, g1 gc, windows-amd64)
GC Precious Log:
 CPUs: 2 total, 2 available
 Memory: 8081M
 Large Page Support: Disabled
 NUMA Support: Disabled
 Compressed Oops: Enabled (32-bit)
 Heap Region Size: 1M
 Heap Min Capacity: 8M
 Heap Initial Capacity: 8M
 Heap Max Capacity: 2022M
 Pre-touch: Disabled
 Parallel Workers: 2
 Concurrent Workers: 1
 Concurrent Refinement Workers: 2
 Periodic GC: Disabled
Heap:
 garbage-first heap   total 11264K, used 4673K [0x0000000081a00000, 0x0000000100000000)
  region size 1024K, 1 young (1024K), 1 survivors (1024K)
 Metaspace       used 8169K, committed 8384K, reserved 1114112K
  class space    used 943K, committed 1088K, reserved 1048576K
GC Heap History (20 events):
Event: 0.405 GC heap after
{Heap after GC invocations=1 (full 0):
 garbage-first heap   total 8192K, used 1394K [0x0000000081a00000, 0x0000000100000000)
  region size 1024K, 1 young (1024K), 1 survivors (1024K)
 Metaspace       used 2773K, committed 2944K, reserved 1114112K
  class space    used 353K, committed 384K, reserved 1048576K
}
Event: 0.537 GC heap before
{Heap before GC invocations=1 (full 0):
 garbage-first heap   total 8192K, used 2418K [0x0000000081a00000, 0x0000000100000000)
  region size 1024K, 2 young (2048K), 1 survivors (1024K)
 Metaspace       used 5415K, committed 5632K, reserved 1114112K
  class space    used 642K, committed 768K, reserved 1048576K
}
Event: 0.539 GC heap after
{Heap after GC invocations=2 (full 0):
 garbage-first heap   total 8192K, used 1962K [0x0000000081a00000, 0x0000000100000000)
  region size 1024K, 1 young (1024K), 1 survivors (1024K)
 Metaspace       used 5415K, committed 5632K, reserved 1114112K
  class space    used 642K, committed 768K, reserved 1048576K
}
Event: 0.789 GC heap before
{Heap before GC invocations=2 (full 0):
 garbage-first heap   total 8192K, used 2986K [0x0000000081a00000, 0x0000000100000000)
  region size 1024K, 2 young (2048K), 1 survivors (1024K)
 Metaspace       used 7111K, committed 7296K, reserved 1114112K
  class space    used 834K, committed 896K, reserved 1048576K
}
Event: 0.790 GC heap after
{Heap after GC invocations=3 (full 0):
 garbage-first heap   total 8192K, used 2238K [0x0000000081a00000, 0x0000000100000000)
  region size 1024K, 1 young (1024K), 1 survivors (1024K)
 Metaspace       used 7111K, committed 7296K, reserved 1114112K
  class space    used 834K, committed 896K, reserved 1048576K
}
Event: 0.850 GC heap before
{Heap before GC invocations=3 (full 0):
 garbage-first heap   total 8192K, used 3262K [0x0000000081a00000, 0x0000000100000000)
  region size 1024K, 2 young (2048K), 1 survivors (1024K)
 Metaspace       used 7547K, committed 7744K, reserved 1114112K
  class space    used 879K, committed 960K, reserved 1048576K
}
Event: 0.853 GC heap after
{Heap after GC invocations=4 (full 0):
 garbage-first heap   total 8192K, used 2478K [0x0000000081a00000, 0x0000000100000000)
  region size 1024K, 1 young (1024K), 1 survivors (1024K)
 Metaspace       used 7547K, committed 7744K, reserved 1114112K
  class space    used 879K, committed 960K, reserved 1048576K
}
Event: 0.912 GC heap before
{Heap before GC invocations=4 (full 0):
 garbage-first heap   total 8192K, used 3502K [0x0000000081a00000, 0x0000000100000000)
  region size 1024K, 2 young (2048K), 1 survivors (1024K)
 Metaspace       used 7682K, committed 7872K, reserved 1114112K
  class space    used 893K, committed 960K, reserved 1048576K
}
Event: 0.914 GC heap after
{Heap after GC invocations=5 (full 0):
 garbage-first heap   total 8192K, used 2915K [0x0000000081a00000, 0x0000000100000000)
  region size 1024K, 1 young (1024K), 1 survivors (1024K)
 Metaspace       used 7682K, committed 7872K, reserved 1114112K
  class space    used 893K, committed 960K, reserved 1048576K
}
Event: 1.006 GC heap before
{Heap before GC invocations=5 (full 0):
 garbage-first heap   total 8192K, used 3939K [0x0000000081a00000, 0x0000000100000000)
  region size 1024K, 2 young (2048K), 1 survivors (1024K)
 Metaspace       used 7911K, committed 8128K, reserved 1114112K
  class space    used 924K, committed 1024K, reserved 1048576K
}
Event: 1.008 GC heap after
{Heap after GC invocations=6 (full 0):
 garbage-first heap   total 8192K, used 3208K [0x0000000081a00000, 0x0000000100000000)
  region size 1024K, 1 young (1024K), 1 survivors (1024K)
 Metaspace       used 7911K, committed 8128K, reserved 1114112K
  class space    used 924K, committed 1024K, reserved 1048576K
}
Event: 1.025 GC heap before
{Heap before GC invocations=6 (full 0):
 garbage-first heap   total 8192K, used 4232K [0x0000000081a00000, 0x0000000100000000)
  region size 1024K, 2 young (2048K), 1 survivors (1024K)
 Metaspace       used 7929K, committed 8128K, reserved 1114112K
  class space    used 924K, committed 1024K, reserved 1048576K
}
Event: 1.028 GC heap after
{Heap after GC invocations=7 (full 0):
 garbage-first heap   total 11264K, used 3363K [0x0000000081a00000, 0x0000000100000000)
  region size 1024K, 1 young (1024K), 1 survivors (1024K)
 Metaspace       used 7929K, committed 8128K, reserved 1114112K
  class space    used 924K, committed 1024K, reserved 1048576K
}
Event: 1.092 GC heap before
{Heap before GC invocations=7 (full 0):
 garbage-first heap   total 11264K, used 5411K [0x0000000081a00000, 0x0000000100000000)
  region size 1024K, 3 young (3072K), 1 survivors (1024K)
 Metaspace       used 8061K, committed 8256K, reserved 1114112K
  class space    used 933K, committed 1024K, reserved 1048576K
}
Event: 1.095 GC heap after
{Heap after GC invocations=8 (full 0):
 garbage-first heap   total 11264K, used 3693K [0x0000000081a00000, 0x0000000100000000)
  region size 1024K, 1 young (1024K), 1 survivors (1024K)
 Metaspace       used 8061K, committed 8256K, reserved 1114112K
  class space    used 933K, committed 1024K, reserved 1048576K
}
Event: 1.113 GC heap before
{Heap before GC invocations=8 (full 0):
 garbage-first heap   total 11264K, used 5741K [0x0000000081a00000, 0x0000000100000000)
  region size 1024K, 3 young (3072K), 1 survivors (1024K)
 Metaspace       used 8068K, committed 8256K, reserved 1114112K
  class space    used 933K, committed 1024K, reserved 1048576K
}
Event: 1.115 GC heap after
{Heap after GC invocations=9 (full 0):
 garbage-first heap   total 11264K, used 3949K [0x0000000081a00000, 0x0000000100000000)
  region size 1024K, 1 young (1024K), 1 survivors (1024K)
 Metaspace       used 8068K, committed 8256K, reserved 1114112K
  class space    used 933K, committed 1024K, reserved 1048576K
}
Event: 1.125 GC heap before
{Heap before GC invocations=9 (full 0):
 garbage-first heap   total 11264K, used 5997K [0x0000000081a00000, 0x0000000100000000)
  region size 1024K, 3 young (3072K), 1 survivors (1024K)
 Metaspace       used 8069K, committed 8256K, reserved 1114112K
  class space    used 933K, committed 1024K, reserved 1048576K
}
Event: 1.128 GC heap after
{Heap after GC invocations=10 (full 0):
 garbage-first heap   total 11264K, used 4317K [0x0000000081a00000, 0x0000000100000000)
  region size 1024K, 1 young (1024K), 1 survivors (1024K)
 Metaspace       used 8069K, committed 8256K, reserved 1114112K
  class space    used 933K, committed 1024K, reserved 1048576K
}
Event: 1.180 GC heap before
{Heap before GC invocations=10 (full 0):
 garbage-first heap   total 11264K, used 6365K [0x0000000081a00000, 0x0000000100000000)
  region size 1024K, 3 young (3072K), 1 survivors (1024K)
 Metaspace       used 8169K, committed 8384K, reserved 1114112K
  class space    used 943K, committed 1088K, reserved 1048576K
}

